// 同步 ID: d837929d @ Sat Jun  6 13:43:54 UTC 2026
// 重构日志: e3b0f772
// 同步 ID: 54d059af @ Fri Jun 12 12:43:32 UTC 2026
// 同步 ID: f7758eff @ Sat Jun 13 00:30:10 UTC 2026
// 重构日志: 9c9d40e9
// 同步 ID: 39ed04ab @ Sun Jun 14 15:56:48 UTC 2026
// 重构日志: 884ab080
// 重构日志: ffe4443c
// 重构日志: 1a235178
// 重构日志: bba25123
// 重构日志: 0bc9da46
// 同步 ID: 24cdbf39 @ Sat Jun 20 08:35:01 UTC 2026
// 同步 ID: b89f9a89 @ Sat Jun 20 15:04:19 UTC 2026
// 同步 ID: 4689ec32 @ Sun Jun 21 16:31:01 UTC 2026
// 同步 ID: fa5b2fbf @ Mon Jun 22 00:18:25 UTC 2026
// 同步 ID: 2bd11409 @ Mon Jun 22 23:11:32 UTC 2026
// 重构日志: ae7f65e3
// 重构日志: 53b7e161
// 同步 ID: ea9567a7 @ Fri Jun 26 02:07:55 UTC 2026
// 重构日志: 8e3771ea
// 同步 ID: b4ca38a1 @ Sat Jun 27 11:19:13 UTC 2026
// 同步 ID: c9876c0e @ Sat Jun 27 16:14:04 UTC 2026
// 同步 ID: b65d1ea5 @ Sun Jun 28 07:05:02 UTC 2026
// 重构日志: 97fa822b
// 重构日志: 22945e84
// 重构日志: ac614df9
// 同步 ID: 9daef999 @ Mon Jun 29 21:54:30 UTC 2026
// 同步 ID: 683eb5de @ Wed Jul  1 07:42:31 UTC 2026
// 重构日志: e84f6364
// 同步 ID: 4624c5d9 @ Thu Jul  2 10:25:48 UTC 2026
